2023-04-11 20:21:03 INFO     Loader started
2023-04-11 20:21:03 INFO     next run in 237
2023-04-11 20:21:23 INFO     Loader started
2023-04-11 20:21:23 INFO     next run in 217 seconds
2023-04-11 20:25:00 INFO     Starting job at 2023-04-11 20:25:00.755084
2023-04-11 20:26:33 INFO     Job completed at 2023-04-11 20:26:33.204842
2023-04-11 20:26:33 INFO     next run in 207 seconds
2023-04-11 20:30:00 INFO     Starting job at 2023-04-11 20:30:00.305585
2023-04-11 20:31:42 INFO     Job completed at 2023-04-11 20:31:42.386900
2023-04-11 20:31:42 INFO     next run in 198 seconds
2023-04-12 11:21:55 INFO     Loader started
2023-04-12 11:21:55 INFO     next run in 185 seconds
2023-04-12 11:21:59 INFO     Loader started
2023-04-12 11:21:59 INFO     next run in 181 seconds
2023-04-12 11:25:00 INFO     Starting job at 2023-04-12 11:25:00.248132
2023-04-12 11:26:58 INFO     Loader started
2023-04-12 11:26:58 INFO     next run in -58 seconds
2023-04-12 11:28:59 INFO     Loader started
2023-04-12 11:28:59 INFO     next run in -59 seconds
2023-04-12 11:30:10 INFO     Loader started
2023-04-12 11:30:10 INFO     next run in -10 seconds
2023-04-12 11:33:41 INFO     Loader started
2023-04-12 11:33:41 INFO     next run in 19 seconds
2023-04-12 11:34:00 INFO     Starting job at 2023-04-12 11:34:00.260456
2023-04-12 11:37:13 INFO     Loader started
2023-04-12 11:37:13 INFO     next run in 167 seconds
2023-04-12 11:37:44 INFO     Loader started
2023-04-12 11:37:44 INFO     next run in 76 seconds
2023-04-12 11:38:09 INFO     Loader started
2023-04-12 11:38:09 INFO     next run in -9 seconds
2023-04-12 11:38:16 INFO     Loader started
2023-04-12 11:38:16 INFO     next run in -16 seconds
2023-04-12 11:40:53 INFO     Loader started
2023-04-12 11:40:53 INFO     next run in -53 seconds
2023-04-12 11:41:40 INFO     Loader started
2023-04-12 11:41:40 INFO     next run in -40 seconds
2023-04-12 11:43:41 INFO     Loader started
2023-04-12 11:43:41 INFO     next run in 19 seconds
2023-04-12 11:44:00 INFO     Starting job at 2023-04-12 11:44:00.174964
2023-04-12 11:44:24 INFO     Loader started
2023-04-12 11:44:24 INFO     next run in 36 seconds
2023-04-12 11:45:00 INFO     Starting job at 2023-04-12 11:45:00.885859
2023-04-12 11:45:11 INFO     Loader started
2023-04-12 11:45:11 INFO     next run in 49 seconds
2023-04-12 11:46:00 INFO     Starting job at 2023-04-12 11:46:00.297434
2023-04-12 11:49:13 INFO     Loader started
2023-04-12 11:49:13 INFO     next run in 47 seconds
2023-04-12 11:50:00 INFO     Starting job at 2023-04-12 11:50:00.299575
2023-04-12 11:56:57 INFO     Loader started
2023-04-12 11:56:57 INFO     next run in 3 seconds
2023-04-12 11:57:00 INFO     Starting job at 2023-04-12 11:57:00.834426
2023-04-12 11:58:25 INFO     Job completed at 2023-04-12 11:58:25.035524
2023-04-12 11:58:25 INFO     next run in 35 seconds
2023-04-12 11:59:00 INFO     Starting job at 2023-04-12 11:59:00.071446
2023-04-12 12:00:25 INFO     Job completed at 2023-04-12 12:00:25.376911
2023-04-12 12:00:25 INFO     next run in 35 seconds
2023-04-12 12:01:00 INFO     Starting job at 2023-04-12 12:01:00.412615
2023-04-12 12:02:25 INFO     Job completed at 2023-04-12 12:02:25.895640
2023-04-12 12:02:25 INFO     next run in 35 seconds
2023-04-12 12:03:00 INFO     Starting job at 2023-04-12 12:03:00.926183
2023-04-12 12:04:24 INFO     Job completed at 2023-04-12 12:04:24.859208
2023-04-12 12:04:24 INFO     next run in 36 seconds
2023-04-12 12:05:00 INFO     Starting job at 2023-04-12 12:05:00.895971
2023-04-12 12:05:18 INFO     Loader started
2023-04-12 12:05:18 INFO     next run in 282 seconds
2023-04-12 12:07:27 INFO     Loader started
2023-04-12 12:07:27 INFO     next run in 276 seconds
2023-04-12 12:07:40 INFO     Loader started
2023-04-12 12:07:40 INFO     next run in 140 seconds
2023-04-12 12:12:59 INFO     Loader started
2023-04-12 12:12:59 INFO     next run in 121 seconds
2023-04-12 12:15:00 INFO     Starting job at 2023-04-12 12:15:00.903757
2023-04-12 12:16:23 INFO     Job completed at 2023-04-12 12:16:23.595300
2023-04-12 12:16:23 INFO     next run in 217 seconds
2023-04-12 12:20:00 INFO     Starting job at 2023-04-12 12:20:00.696204
2023-04-12 12:21:25 INFO     Job completed at 2023-04-12 12:21:25.292540
2023-04-12 12:21:25 INFO     next run in 215 seconds
2023-04-12 12:25:00 INFO     Starting job at 2023-04-12 12:25:00.305147
2023-04-12 12:26:24 INFO     Job completed at 2023-04-12 12:26:24.191516
2023-04-12 12:26:24 INFO     next run in 216 seconds
2023-04-12 12:30:00 INFO     Starting job at 2023-04-12 12:30:00.206376
2023-04-12 12:31:22 INFO     Job completed at 2023-04-12 12:31:22.798576
2023-04-12 12:31:22 INFO     next run in 218 seconds
2023-04-12 12:35:00 INFO     Starting job at 2023-04-12 12:35:00.896323
2023-04-12 12:36:25 INFO     Job completed at 2023-04-12 12:36:25.802164
2023-04-12 12:36:25 INFO     next run in 215 seconds
2023-04-12 13:35:15 INFO     Loader started
2023-04-12 13:35:15 INFO     next run in 285 seconds
2023-04-12 13:35:27 INFO     Loader started
2023-04-12 13:35:27 INFO     next run in 33 seconds
2023-04-12 13:36:00 INFO     Starting job at 2023-04-12 13:36:00.834330
2023-04-14 12:20:40 INFO     Loader started
2023-04-14 12:20:40 INFO     next run in 260 seconds
2023-04-14 12:25:00 INFO     Starting job at 2023-04-14 12:25:00.116620
2023-04-14 12:26:40 INFO     Job completed at 2023-04-14 12:26:40.080890
2023-04-14 12:26:40 INFO     next run in 200 seconds
2023-04-14 12:30:00 INFO     Starting job at 2023-04-14 12:30:00.181579
2023-04-14 12:31:38 INFO     Job completed at 2023-04-14 12:31:38.687317
2023-04-14 12:31:38 INFO     next run in 202 seconds
2023-04-14 12:35:00 INFO     Starting job at 2023-04-14 12:35:00.692611
2023-04-14 12:35:55 INFO     Loader started
2023-04-14 12:35:55 INFO     next run in 245 seconds
2023-04-14 12:51:29 INFO     Starting job at 2023-04-14 12:51:29.800600
2023-04-14 12:52:01 INFO     Loader started
2023-04-14 12:52:01 INFO     next run in 179 seconds
2023-04-14 12:55:00 INFO     Starting job at 2023-04-14 12:55:00.468358
2023-04-14 12:56:53 INFO     Job completed at 2023-04-14 12:56:53.460200
2023-04-14 12:56:53 INFO     next run in 187 seconds
2023-04-14 13:00:00 INFO     Starting job at 2023-04-14 13:00:00.465193
2023-04-14 13:01:46 INFO     Job completed at 2023-04-14 13:01:46.520774
2023-04-14 13:01:46 INFO     next run in 194 seconds
2023-04-14 13:05:00 INFO     Starting job at 2023-04-14 13:05:00.524155
2023-04-14 13:06:44 INFO     Job completed at 2023-04-14 13:06:44.142289
2023-04-14 13:06:44 INFO     next run in 196 seconds
2023-04-14 13:10:00 INFO     Starting job at 2023-04-14 13:10:00.190542
2023-04-14 13:11:48 INFO     Job completed at 2023-04-14 13:11:48.302666
2023-04-14 13:11:48 INFO     next run in 192 seconds
2023-04-14 13:15:00 INFO     Starting job at 2023-04-14 13:15:00.373102
2023-04-14 13:16:42 INFO     Job completed at 2023-04-14 13:16:42.524138
2023-04-14 13:16:42 INFO     next run in 198 seconds
2023-04-14 13:20:00 INFO     Starting job at 2023-04-14 13:20:00.625074
2023-04-14 13:21:44 INFO     Job completed at 2023-04-14 13:21:44.753581
2023-04-14 13:21:44 INFO     next run in 196 seconds
2023-04-14 13:25:00 INFO     Starting job at 2023-04-14 13:25:00.854389
2023-04-14 13:26:47 INFO     Job completed at 2023-04-14 13:26:47.066327
2023-04-14 13:26:47 INFO     next run in 193 seconds
2023-04-14 13:30:00 INFO     Starting job at 2023-04-14 13:30:00.167110
2023-04-14 13:31:51 INFO     Job completed at 2023-04-14 13:31:51.190515
2023-04-14 13:31:51 INFO     next run in 189 seconds
2023-04-14 13:35:00 INFO     Starting job at 2023-04-14 13:35:00.199160
2023-04-14 13:36:49 INFO     Job completed at 2023-04-14 13:36:49.080414
2023-04-14 13:36:49 INFO     next run in 191 seconds
2023-04-14 13:40:00 INFO     Starting job at 2023-04-14 13:40:00.181186
2023-04-14 13:41:46 INFO     Job completed at 2023-04-14 13:41:46.267908
2023-04-14 13:41:46 INFO     next run in 194 seconds
2023-04-14 13:45:00 INFO     Starting job at 2023-04-14 13:45:00.360440
2023-04-14 13:46:50 INFO     Job completed at 2023-04-14 13:46:50.353563
2023-04-14 13:46:50 INFO     next run in 190 seconds
2023-04-14 13:50:00 INFO     Starting job at 2023-04-14 13:50:00.361822
2023-04-14 13:51:46 INFO     Job completed at 2023-04-14 13:51:46.370363
2023-04-14 13:51:46 INFO     next run in 194 seconds
2023-04-14 13:55:00 INFO     Starting job at 2023-04-14 13:55:00.471042
2023-04-14 13:57:25 INFO     Job completed at 2023-04-14 13:57:25.073327
2023-04-14 13:57:25 INFO     next run in 155 seconds
2023-04-14 14:00:00 INFO     Starting job at 2023-04-14 14:00:00.075758
2023-04-14 14:02:49 INFO     Job completed at 2023-04-14 14:02:49.950163
2023-04-14 14:02:49 INFO     next run in 131 seconds
2023-04-14 14:05:01 INFO     Starting job at 2023-04-14 14:05:01.032735
2023-04-14 14:07:45 INFO     Job completed at 2023-04-14 14:07:45.575475
2023-04-14 14:07:45 INFO     next run in 135 seconds
2023-04-14 14:10:00 INFO     Starting job at 2023-04-14 14:10:00.670055
2023-04-14 14:12:49 INFO     Job completed at 2023-04-14 14:12:49.746945
2023-04-14 14:12:49 INFO     next run in 131 seconds
2023-04-14 14:15:00 INFO     Starting job at 2023-04-14 14:15:00.848144
2023-04-14 14:17:52 INFO     Job completed at 2023-04-14 14:17:52.514860
2023-04-14 14:17:52 INFO     next run in 128 seconds
2023-04-14 14:20:00 INFO     Starting job at 2023-04-14 14:20:00.520149
2023-04-14 14:21:41 INFO     Job completed at 2023-04-14 14:21:41.728397
2023-04-14 14:21:41 INFO     next run in 199 seconds
2023-04-14 14:25:00 INFO     Starting job at 2023-04-14 14:25:00.731479
2023-04-14 14:26:43 INFO     Job completed at 2023-04-14 14:26:43.851982
2023-04-14 14:26:43 INFO     next run in 197 seconds
2023-04-14 14:30:00 INFO     Starting job at 2023-04-14 14:30:00.952739
2023-04-14 14:31:42 INFO     Job completed at 2023-04-14 14:31:42.945599
2023-04-14 14:31:42 INFO     next run in 198 seconds
2023-04-14 14:35:01 INFO     Starting job at 2023-04-14 14:35:01.046256
2023-04-14 14:36:48 INFO     Job completed at 2023-04-14 14:36:48.272814
2023-04-14 14:36:48 INFO     next run in 192 seconds
2023-04-14 14:40:00 INFO     Starting job at 2023-04-14 14:40:00.373658
2023-04-14 14:41:48 INFO     Job completed at 2023-04-14 14:41:48.380753
2023-04-14 14:41:48 INFO     next run in 192 seconds
2023-04-14 14:45:00 INFO     Starting job at 2023-04-14 14:45:00.481408
2023-04-14 14:46:45 INFO     Job completed at 2023-04-14 14:46:45.349865
2023-04-14 14:46:45 INFO     next run in 195 seconds
2023-04-14 14:50:00 INFO     Starting job at 2023-04-14 14:50:00.450753
2023-04-14 14:51:44 INFO     Job completed at 2023-04-14 14:51:44.691303
2023-04-14 14:51:44 INFO     next run in 196 seconds
2023-04-14 14:55:00 INFO     Starting job at 2023-04-14 14:55:00.792072
2023-04-14 14:56:43 INFO     Job completed at 2023-04-14 14:56:43.666204
2023-04-14 14:56:43 INFO     next run in 197 seconds
2023-04-14 15:00:00 INFO     Starting job at 2023-04-14 15:00:00.766853
2023-04-14 15:01:44 INFO     Job completed at 2023-04-14 15:01:44.164888
2023-04-14 15:01:44 INFO     next run in 196 seconds
